2024-12-17 07:40:22,960 INFO supervisord started with pid 1
2024-12-17 07:40:23,964 INFO spawnerr: unknown error making dispatchers for 'gunicorn': EACCES
2024-12-17 07:40:23,965 INFO spawnerr: unknown error making dispatchers for 'nginx': EACCES
2024-12-17 07:40:24,969 INFO spawnerr: unknown error making dispatchers for 'gunicorn': EACCES
2024-12-17 07:40:24,970 INFO spawnerr: unknown error making dispatchers for 'nginx': EACCES
2024-12-17 07:40:26,976 INFO spawnerr: unknown error making dispatchers for 'gunicorn': EACCES
2024-12-17 07:40:26,978 INFO spawnerr: unknown error making dispatchers for 'nginx': EACCES
2024-12-17 07:40:29,985 INFO spawnerr: unknown error making dispatchers for 'gunicorn': EACCES
2024-12-17 07:40:29,985 INFO gave up: gunicorn entered FATAL state, too many start retries too quickly
2024-12-17 07:40:29,986 INFO spawnerr: unknown error making dispatchers for 'nginx': EACCES
2024-12-17 07:40:29,987 INFO gave up: nginx entered FATAL state, too many start retries too quickly
2024-12-17 07:44:28,464 WARN received SIGTERM indicating exit request
2024-12-17 08:15:28,244 INFO supervisord started with pid 22
2024-12-17 08:15:29,247 INFO spawnerr: unknown error making dispatchers for 'gunicorn': EACCES
2024-12-17 08:15:29,248 INFO spawnerr: unknown error making dispatchers for 'nginx': EACCES
2024-12-17 08:15:30,252 INFO spawnerr: unknown error making dispatchers for 'gunicorn': EACCES
2024-12-17 08:15:30,254 INFO spawnerr: unknown error making dispatchers for 'nginx': EACCES
2024-12-17 08:15:32,260 INFO spawnerr: unknown error making dispatchers for 'gunicorn': EACCES
2024-12-17 08:15:32,261 INFO spawnerr: unknown error making dispatchers for 'nginx': EACCES
2024-12-17 08:15:35,268 INFO spawnerr: unknown error making dispatchers for 'gunicorn': EACCES
2024-12-17 08:15:35,269 INFO gave up: gunicorn entered FATAL state, too many start retries too quickly
2024-12-17 08:15:35,271 INFO spawnerr: unknown error making dispatchers for 'nginx': EACCES
2024-12-17 08:15:35,272 INFO gave up: nginx entered FATAL state, too many start retries too quickly
2024-12-17 08:16:04,329 WARN received SIGINT indicating exit request
2024-12-17 08:25:31,414 INFO supervisord started with pid 20
2024-12-17 08:25:32,416 INFO spawnerr: unknown error making dispatchers for 'gunicorn': EACCES
2024-12-17 08:25:32,418 INFO spawnerr: unknown error making dispatchers for 'nginx': EACCES
2024-12-17 08:25:33,422 INFO spawnerr: unknown error making dispatchers for 'gunicorn': EACCES
2024-12-17 08:25:33,423 INFO spawnerr: unknown error making dispatchers for 'nginx': EACCES
2024-12-17 08:25:35,429 INFO spawnerr: unknown error making dispatchers for 'gunicorn': EACCES
2024-12-17 08:25:35,430 INFO spawnerr: unknown error making dispatchers for 'nginx': EACCES
2024-12-17 08:25:38,439 INFO spawnerr: unknown error making dispatchers for 'gunicorn': EACCES
2024-12-17 08:25:38,439 INFO gave up: gunicorn entered FATAL state, too many start retries too quickly
2024-12-17 08:25:38,441 INFO spawnerr: unknown error making dispatchers for 'nginx': EACCES
2024-12-17 08:25:38,442 INFO gave up: nginx entered FATAL state, too many start retries too quickly
2024-12-17 08:25:50,465 WARN received SIGINT indicating exit request
2024-12-17 08:49:36,083 INFO supervisord started with pid 20
2024-12-17 08:49:37,087 INFO spawnerr: unknown error making dispatchers for 'gunicorn': EACCES
2024-12-17 08:49:37,088 INFO spawnerr: unknown error making dispatchers for 'nginx': EACCES
2024-12-17 08:49:38,093 INFO spawnerr: unknown error making dispatchers for 'gunicorn': EACCES
2024-12-17 08:49:38,095 INFO spawnerr: unknown error making dispatchers for 'nginx': EACCES
2024-12-17 08:49:40,100 INFO spawnerr: unknown error making dispatchers for 'gunicorn': EACCES
2024-12-17 08:49:40,102 INFO spawnerr: unknown error making dispatchers for 'nginx': EACCES
2024-12-17 08:49:43,110 INFO spawnerr: unknown error making dispatchers for 'gunicorn': EACCES
2024-12-17 08:49:43,111 INFO gave up: gunicorn entered FATAL state, too many start retries too quickly
2024-12-17 08:49:43,113 INFO spawnerr: unknown error making dispatchers for 'nginx': EACCES
2024-12-17 08:49:43,114 INFO gave up: nginx entered FATAL state, too many start retries too quickly
2024-12-17 08:49:43,114 WARN received SIGINT indicating exit request
2024-12-18 03:28:36,950 INFO supervisord started with pid 56
2024-12-18 03:28:37,953 INFO spawnerr: unknown error making dispatchers for 'gunicorn': EACCES
2024-12-18 03:28:37,954 INFO spawnerr: unknown error making dispatchers for 'nginx': EACCES
2024-12-18 03:28:38,957 INFO spawnerr: unknown error making dispatchers for 'gunicorn': EACCES
2024-12-18 03:28:38,958 INFO spawnerr: unknown error making dispatchers for 'nginx': EACCES
2024-12-18 03:28:40,964 INFO spawnerr: unknown error making dispatchers for 'gunicorn': EACCES
2024-12-18 03:28:40,965 INFO spawnerr: unknown error making dispatchers for 'nginx': EACCES
2024-12-18 03:28:40,965 WARN received SIGINT indicating exit request
2024-12-18 03:28:40,966 INFO waiting for gunicorn to die
2024-12-18 03:57:43,580 INFO supervisord started with pid 27
2024-12-18 03:57:44,593 INFO spawned: 'gunicorn' with pid 28
2024-12-18 03:57:44,598 INFO spawned: 'nginx' with pid 29
2024-12-18 03:57:44,609 INFO exited: nginx (exit status 1; not expected)
2024-12-18 03:57:46,092 INFO success: gunicorn entered RUNNING state, process has stayed up for > than 1 seconds (startsecs)
2024-12-18 03:57:46,096 INFO spawned: 'nginx' with pid 30
2024-12-18 03:57:46,106 INFO exited: nginx (exit status 1; not expected)
2024-12-18 03:57:49,100 INFO spawned: 'nginx' with pid 31
2024-12-18 03:57:49,109 INFO exited: nginx (exit status 1; not expected)
2024-12-18 03:57:50,121 INFO exited: gunicorn (exit status 1; not expected)
2024-12-18 03:57:51,126 INFO spawned: 'gunicorn' with pid 32
2024-12-18 03:57:52,612 INFO success: gunicorn entered RUNNING state, process has stayed up for > than 1 seconds (startsecs)
2024-12-18 03:57:52,613 INFO spawned: 'nginx' with pid 33
2024-12-18 03:57:52,620 INFO exited: nginx (exit status 1; not expected)
2024-12-18 03:57:53,613 INFO gave up: nginx entered FATAL state, too many start retries too quickly
2024-12-18 03:57:56,641 INFO exited: gunicorn (exit status 1; not expected)
2024-12-18 03:57:57,646 INFO spawned: 'gunicorn' with pid 34
2024-12-18 03:57:59,121 INFO success: gunicorn entered RUNNING state, process has stayed up for > than 1 seconds (startsecs)
2024-12-18 03:58:03,152 INFO exited: gunicorn (exit status 1; not expected)
2024-12-18 03:58:04,156 INFO spawned: 'gunicorn' with pid 35
2024-12-18 03:58:05,612 INFO success: gunicorn entered RUNNING state, process has stayed up for > than 1 seconds (startsecs)
2024-12-18 03:58:09,642 INFO exited: gunicorn (exit status 1; not expected)
2024-12-18 03:58:10,647 INFO spawned: 'gunicorn' with pid 36
2024-12-18 03:58:12,107 INFO success: gunicorn entered RUNNING state, process has stayed up for > than 1 seconds (startsecs)
2024-12-18 03:58:16,136 INFO exited: gunicorn (exit status 1; not expected)
2024-12-18 03:58:17,141 INFO spawned: 'gunicorn' with pid 37
2024-12-18 03:58:18,649 INFO success: gunicorn entered RUNNING state, process has stayed up for > than 1 seconds (startsecs)
2024-12-18 03:58:22,655 WARN received SIGINT indicating exit request
2024-12-18 03:58:22,656 INFO waiting for gunicorn to die
2024-12-18 03:58:22,687 INFO exited: gunicorn (exit status 1; not expected)
2024-12-18 04:10:34,381 INFO supervisord started with pid 20
2024-12-18 04:10:35,394 INFO spawned: 'gunicorn' with pid 21
2024-12-18 04:10:35,398 INFO spawned: 'nginx' with pid 22
2024-12-18 04:10:35,409 INFO exited: nginx (exit status 1; not expected)
2024-12-18 04:10:36,890 INFO success: gunicorn entered RUNNING state, process has stayed up for > than 1 seconds (startsecs)
2024-12-18 04:10:36,893 INFO spawned: 'nginx' with pid 23
2024-12-18 04:10:36,904 INFO exited: nginx (exit status 1; not expected)
2024-12-18 04:10:39,896 INFO spawned: 'nginx' with pid 24
2024-12-18 04:10:39,906 INFO exited: nginx (exit status 1; not expected)
2024-12-18 04:10:40,921 INFO exited: gunicorn (exit status 1; not expected)
2024-12-18 04:10:41,926 INFO spawned: 'gunicorn' with pid 25
2024-12-18 04:10:41,928 WARN received SIGINT indicating exit request
2024-12-18 04:10:41,929 INFO waiting for gunicorn to die
2024-12-18 04:10:45,440 INFO waiting for gunicorn to die
2024-12-18 04:10:47,466 INFO stopped: gunicorn (exit status 1)
2024-12-18 04:29:32,487 INFO supervisord started with pid 21
2024-12-18 04:29:33,494 INFO spawned: 'gunicorn' with pid 22
2024-12-18 04:29:33,498 INFO spawned: 'nginx' with pid 23
2024-12-18 04:29:35,105 INFO success: gunicorn entered RUNNING state, process has stayed up for > than 1 seconds (startsecs)
2024-12-18 04:29:35,106 INFO success: nginx entered RUNNING state, process has stayed up for > than 1 seconds (startsecs)
2024-12-18 04:30:05,167 WARN received SIGINT indicating exit request
2024-12-18 04:30:05,167 INFO waiting for gunicorn, nginx to die
2024-12-18 04:30:05,170 INFO stopped: nginx (exit status 0)
2024-12-18 04:30:05,399 INFO stopped: gunicorn (exit status 0)
2024-12-18 04:30:56,994 INFO supervisord started with pid 1
2024-12-18 04:30:58,003 INFO spawned: 'gunicorn' with pid 13
2024-12-18 04:30:58,007 INFO spawned: 'nginx' with pid 14
2024-12-18 04:30:59,558 INFO success: gunicorn entered RUNNING state, process has stayed up for > than 1 seconds (startsecs)
2024-12-18 04:30:59,558 INFO success: nginx entered RUNNING state, process has stayed up for > than 1 seconds (startsecs)
2024-12-18 05:43:14,223 WARN received SIGTERM indicating exit request
2024-12-18 05:43:14,225 INFO waiting for gunicorn, nginx to die
2024-12-18 05:43:14,228 INFO stopped: nginx (exit status 0)
2024-12-18 05:43:14,461 INFO stopped: gunicorn (exit status 0)
2024-12-18 05:43:30,420 INFO supervisord started with pid 1
2024-12-18 05:43:31,426 INFO spawned: 'gunicorn' with pid 19
2024-12-18 05:43:31,428 INFO spawned: 'nginx' with pid 20
2024-12-18 05:43:32,974 INFO success: gunicorn entered RUNNING state, process has stayed up for > than 1 seconds (startsecs)
2024-12-18 05:43:32,975 INFO success: nginx entered RUNNING state, process has stayed up for > than 1 seconds (startsecs)
2024-12-18 05:44:07,541 INFO supervisord started with pid 34
2024-12-18 05:44:08,547 INFO spawned: 'gunicorn' with pid 35
2024-12-18 05:44:08,551 INFO spawned: 'nginx' with pid 36
2024-12-18 05:44:09,563 INFO success: gunicorn entered RUNNING state, process has stayed up for > than 1 seconds (startsecs)
2024-12-18 05:44:09,563 INFO success: nginx entered RUNNING state, process has stayed up for > than 1 seconds (startsecs)
2024-12-18 05:44:11,068 INFO exited: nginx (exit status 1; not expected)
2024-12-18 05:44:12,076 INFO spawned: 'nginx' with pid 40
2024-12-18 05:44:13,089 INFO success: nginx entered RUNNING state, process has stayed up for > than 1 seconds (startsecs)
2024-12-18 05:44:14,091 WARN received SIGINT indicating exit request
2024-12-18 05:44:14,092 INFO waiting for gunicorn, nginx to die
2024-12-18 05:44:14,096 INFO stopped: nginx (terminated by SIGTERM)
2024-12-18 05:44:14,327 INFO stopped: gunicorn (exit status 0)
2024-12-18 05:44:22,071 WARN received SIGTERM indicating exit request
2024-12-18 05:44:22,071 INFO waiting for gunicorn, nginx to die
2024-12-18 05:44:22,073 INFO stopped: nginx (exit status 0)
2024-12-18 05:44:23,079 INFO stopped: gunicorn (exit status 1)
2024-12-18 05:44:31,467 INFO supervisord started with pid 1
2024-12-18 05:44:32,475 INFO spawned: 'gunicorn' with pid 14
2024-12-18 05:44:32,478 INFO spawned: 'nginx' with pid 15
2024-12-18 05:44:34,015 INFO success: gunicorn entered RUNNING state, process has stayed up for > than 1 seconds (startsecs)
2024-12-18 05:44:34,016 INFO success: nginx entered RUNNING state, process has stayed up for > than 1 seconds (startsecs)
2024-12-18 06:05:07,772 WARN received SIGTERM indicating exit request
2024-12-18 06:05:07,772 INFO waiting for gunicorn, nginx to die
2024-12-18 06:05:07,775 INFO stopped: nginx (exit status 0)
2024-12-18 06:05:08,099 INFO stopped: gunicorn (exit status 0)
2024-12-18 06:05:30,043 INFO supervisord started with pid 1
2024-12-18 06:05:31,057 INFO spawned: 'gunicorn' with pid 14
2024-12-18 06:05:31,061 INFO spawned: 'nginx' with pid 15
2024-12-18 06:05:32,606 INFO success: gunicorn entered RUNNING state, process has stayed up for > than 1 seconds (startsecs)
2024-12-18 06:05:32,607 INFO success: nginx entered RUNNING state, process has stayed up for > than 1 seconds (startsecs)
2024-12-18 06:08:28,295 WARN received SIGTERM indicating exit request
2024-12-18 06:08:28,297 INFO waiting for gunicorn, nginx to die
2024-12-18 06:08:28,301 INFO stopped: nginx (exit status 0)
2024-12-18 06:08:28,540 INFO stopped: gunicorn (exit status 0)
2024-12-18 06:08:47,297 INFO supervisord started with pid 1
2024-12-18 06:08:48,306 INFO spawned: 'gunicorn' with pid 20
2024-12-18 06:08:48,310 INFO spawned: 'nginx' with pid 21
2024-12-18 06:08:49,885 INFO success: gunicorn entered RUNNING state, process has stayed up for > than 1 seconds (startsecs)
2024-12-18 06:08:49,886 INFO success: nginx entered RUNNING state, process has stayed up for > than 1 seconds (startsecs)
2024-12-18 06:32:19,157 WARN received SIGTERM indicating exit request
2024-12-18 06:32:19,158 INFO waiting for gunicorn, nginx to die
2024-12-18 06:32:19,161 INFO stopped: nginx (exit status 0)
2024-12-18 06:32:19,491 INFO stopped: gunicorn (exit status 0)
2024-12-18 06:32:40,780 INFO supervisord started with pid 1
2024-12-18 06:32:41,786 INFO spawned: 'gunicorn' with pid 14
2024-12-18 06:32:41,788 INFO spawned: 'nginx' with pid 15
2024-12-18 06:32:41,798 INFO exited: nginx (exit status 1; not expected)
2024-12-18 06:32:43,377 INFO success: gunicorn entered RUNNING state, process has stayed up for > than 1 seconds (startsecs)
2024-12-18 06:32:43,380 INFO spawned: 'nginx' with pid 19
2024-12-18 06:32:43,389 INFO exited: nginx (exit status 1; not expected)
2024-12-18 06:32:45,395 INFO spawned: 'nginx' with pid 20
2024-12-18 06:32:45,401 INFO exited: nginx (exit status 1; not expected)
2024-12-18 06:32:48,411 INFO spawned: 'nginx' with pid 21
2024-12-18 06:32:48,422 INFO exited: nginx (exit status 1; not expected)
2024-12-18 06:32:49,424 INFO gave up: nginx entered FATAL state, too many start retries too quickly
2024-12-18 06:33:13,474 WARN received SIGTERM indicating exit request
2024-12-18 06:33:13,474 INFO waiting for gunicorn to die
2024-12-18 06:33:14,707 INFO stopped: gunicorn (exit status 0)
2024-12-18 19:24:17,416 INFO supervisord started with pid 21
2024-12-18 19:24:18,421 INFO spawned: 'gunicorn' with pid 22
2024-12-18 19:24:18,425 INFO spawned: 'nginx' with pid 23
2024-12-18 19:24:20,095 INFO success: gunicorn entered RUNNING state, process has stayed up for > than 1 seconds (startsecs)
2024-12-18 19:24:20,096 INFO success: nginx entered RUNNING state, process has stayed up for > than 1 seconds (startsecs)
2024-12-18 19:40:42,052 WARN received SIGINT indicating exit request
2024-12-18 19:40:42,054 INFO waiting for gunicorn, nginx to die
2024-12-18 19:40:42,059 INFO stopped: nginx (exit status 0)
2024-12-18 19:40:42,296 INFO stopped: gunicorn (exit status 0)
2024-12-18 19:49:13,971 INFO supervisord started with pid 20
2024-12-18 19:49:14,976 INFO spawned: 'gunicorn' with pid 21
2024-12-18 19:49:14,980 INFO spawned: 'nginx' with pid 22
2024-12-18 19:49:16,486 INFO success: gunicorn entered RUNNING state, process has stayed up for > than 1 seconds (startsecs)
2024-12-18 19:49:16,487 INFO success: nginx entered RUNNING state, process has stayed up for > than 1 seconds (startsecs)
2024-12-18 19:49:40,035 WARN received SIGINT indicating exit request
2024-12-18 19:49:40,038 INFO waiting for gunicorn, nginx to die
2024-12-18 19:49:40,043 INFO stopped: nginx (exit status 0)
2024-12-18 19:49:40,270 INFO stopped: gunicorn (exit status 0)
